2024/03/24 08:56:08 [notice] 1#1: using the "epoll" event method
2024/03/24 08:56:08 [notice] 1#1: nginx/1.25.2
2024/03/24 08:56:08 [notice] 1#1: built by gcc 12.2.0 (Debian 12.2.0-14) 
2024/03/24 08:56:08 [notice] 1#1: OS: Linux 6.5.0-26-generic
2024/03/24 08:56:08 [notice] 1#1: getrlimit(RLIMIT_NOFILE): 1048576:1048576
2024/03/24 08:56:08 [notice] 1#1: start worker processes
2024/03/24 08:56:08 [notice] 1#1: start worker process 20
2024/03/24 08:56:08 [notice] 1#1: start worker process 21
2024/03/24 08:56:08 [notice] 1#1: start worker process 22
2024/03/24 08:56:08 [notice] 1#1: start worker process 23
2024/03/24 08:56:08 [notice] 1#1: start worker process 24
2024/03/24 08:56:08 [notice] 1#1: start worker process 25
2024/03/24 08:56:08 [notice] 1#1: start worker process 26
2024/03/24 08:56:08 [notice] 1#1: start worker process 27
2024/03/24 08:59:43 [notice] 1#1: signal 3 (SIGQUIT) received, shutting down
2024/03/24 08:59:43 [notice] 20#20: gracefully shutting down
2024/03/24 08:59:43 [notice] 21#21: gracefully shutting down
2024/03/24 08:59:43 [notice] 22#22: gracefully shutting down
2024/03/24 08:59:43 [notice] 23#23: gracefully shutting down
2024/03/24 08:59:43 [notice] 24#24: gracefully shutting down
2024/03/24 08:59:43 [notice] 20#20: exiting
2024/03/24 08:59:43 [notice] 26#26: gracefully shutting down
2024/03/24 08:59:43 [notice] 21#21: exiting
2024/03/24 08:59:43 [notice] 25#25: gracefully shutting down
2024/03/24 08:59:43 [notice] 27#27: gracefully shutting down
2024/03/24 08:59:43 [notice] 23#23: exiting
2024/03/24 08:59:43 [notice] 24#24: exiting
2024/03/24 08:59:43 [notice] 26#26: exiting
2024/03/24 08:59:43 [notice] 25#25: exiting
2024/03/24 08:59:43 [notice] 27#27: exiting
2024/03/24 08:59:43 [notice] 22#22: exiting
2024/03/24 08:59:43 [notice] 20#20: exit
2024/03/24 08:59:43 [notice] 21#21: exit
2024/03/24 08:59:43 [notice] 23#23: exit
2024/03/24 08:59:43 [notice] 24#24: exit
2024/03/24 08:59:43 [notice] 26#26: exit
2024/03/24 08:59:43 [notice] 25#25: exit
2024/03/24 08:59:43 [notice] 27#27: exit
2024/03/24 08:59:43 [notice] 22#22: exit
2024/03/24 08:59:43 [notice] 1#1: signal 17 (SIGCHLD) received from 23
2024/03/24 08:59:43 [notice] 1#1: worker process 22 exited with code 0
2024/03/24 08:59:43 [notice] 1#1: worker process 23 exited with code 0
2024/03/24 08:59:43 [notice] 1#1: signal 29 (SIGIO) received
2024/03/24 08:59:43 [notice] 1#1: signal 17 (SIGCHLD) received from 22
2024/03/24 08:59:43 [notice] 1#1: signal 17 (SIGCHLD) received from 27
2024/03/24 08:59:43 [notice] 1#1: worker process 27 exited with code 0
2024/03/24 08:59:43 [notice] 1#1: signal 29 (SIGIO) received
2024/03/24 08:59:43 [notice] 1#1: signal 17 (SIGCHLD) received from 21
2024/03/24 08:59:43 [notice] 1#1: worker process 21 exited with code 0
2024/03/24 08:59:43 [notice] 1#1: signal 29 (SIGIO) received
2024/03/24 08:59:43 [notice] 1#1: signal 17 (SIGCHLD) received from 25
2024/03/24 08:59:43 [notice] 1#1: worker process 24 exited with code 0
2024/03/24 08:59:43 [notice] 1#1: worker process 25 exited with code 0
2024/03/24 08:59:43 [notice] 1#1: worker process 26 exited with code 0
2024/03/24 08:59:43 [notice] 1#1: signal 17 (SIGCHLD) received from 24
2024/03/24 08:59:43 [notice] 1#1: worker process 20 exited with code 0
2024/03/24 08:59:43 [notice] 1#1: exit
2024/03/24 08:59:54 [emerg] 1#1: "server" directive is not allowed here in /etc/nginx/conf.d/eth.conf:3
2024/03/24 09:02:49 [emerg] 1#1: "server" directive is not allowed here in /etc/nginx/conf.d/eth.conf:3
2024/03/24 09:03:11 [emerg] 1#1: "server" directive is not allowed here in /etc/nginx/conf.d/eth.conf:3
2024/03/24 09:03:35 [emerg] 1#1: "server" directive is not allowed here in /etc/nginx/conf.d/eth.conf:3
2024/03/24 09:03:37 [emerg] 1#1: "server" directive is not allowed here in /etc/nginx/conf.d/eth.conf:3
2024/03/24 09:21:07 [notice] 1#1: using the "epoll" event method
2024/03/24 09:21:07 [notice] 1#1: nginx/1.25.2
2024/03/24 09:21:07 [notice] 1#1: built by gcc 12.2.0 (Debian 12.2.0-14) 
2024/03/24 09:21:07 [notice] 1#1: OS: Linux 6.5.0-26-generic
2024/03/24 09:21:07 [notice] 1#1: getrlimit(RLIMIT_NOFILE): 1048576:1048576
2024/03/24 09:21:07 [notice] 1#1: start worker processes
2024/03/24 09:21:07 [notice] 1#1: start worker process 20
2024/03/24 09:21:07 [notice] 1#1: start worker process 21
2024/03/24 09:21:07 [notice] 1#1: start worker process 22
2024/03/24 09:21:07 [notice] 1#1: start worker process 23
2024/03/24 09:21:07 [notice] 1#1: start worker process 24
2024/03/24 09:21:07 [notice] 1#1: start worker process 25
2024/03/24 09:21:07 [notice] 1#1: start worker process 26
2024/03/24 09:21:07 [notice] 1#1: start worker process 27
2024/03/24 16:25:26 [notice] 1#1: signal 3 (SIGQUIT) received, shutting down
2024/03/24 16:25:26 [notice] 22#22: gracefully shutting down
2024/03/24 16:25:26 [notice] 26#26: gracefully shutting down
2024/03/24 16:25:26 [notice] 23#23: gracefully shutting down
2024/03/24 16:25:26 [notice] 22#22: exiting
2024/03/24 16:25:26 [notice] 26#26: exiting
2024/03/24 16:25:26 [notice] 23#23: exiting
2024/03/24 16:25:26 [notice] 23#23: exit
2024/03/24 16:25:26 [notice] 22#22: exit
2024/03/24 16:25:26 [notice] 26#26: exit
2024/03/24 16:25:26 [notice] 25#25: gracefully shutting down
2024/03/24 16:25:26 [notice] 25#25: exiting
2024/03/24 16:25:26 [notice] 25#25: exit
2024/03/24 16:25:26 [notice] 21#21: gracefully shutting down
2024/03/24 16:25:26 [notice] 21#21: exiting
2024/03/24 16:25:26 [notice] 21#21: exit
2024/03/24 16:25:26 [notice] 20#20: gracefully shutting down
2024/03/24 16:25:26 [notice] 20#20: exiting
2024/03/24 16:25:26 [notice] 20#20: exit
2024/03/24 16:25:26 [notice] 24#24: gracefully shutting down
2024/03/24 16:25:26 [notice] 24#24: exiting
2024/03/24 16:25:26 [notice] 24#24: exit
2024/03/24 16:25:26 [notice] 27#27: gracefully shutting down
2024/03/24 16:25:26 [notice] 27#27: exiting
2024/03/24 16:25:26 [notice] 27#27: exit
2024/03/24 16:25:26 [notice] 1#1: signal 17 (SIGCHLD) received from 24
2024/03/24 16:25:26 [notice] 1#1: worker process 20 exited with code 0
2024/03/24 16:25:26 [notice] 1#1: worker process 23 exited with code 0
2024/03/24 16:25:26 [notice] 1#1: worker process 24 exited with code 0
2024/03/24 16:25:26 [notice] 1#1: signal 29 (SIGIO) received
2024/03/24 16:25:26 [notice] 1#1: signal 17 (SIGCHLD) received from 20
2024/03/24 16:25:26 [notice] 1#1: worker process 26 exited with code 0
2024/03/24 16:25:26 [notice] 1#1: signal 29 (SIGIO) received
2024/03/24 16:25:26 [notice] 1#1: signal 17 (SIGCHLD) received from 25
2024/03/24 16:25:26 [notice] 1#1: worker process 25 exited with code 0
2024/03/24 16:25:26 [notice] 1#1: signal 29 (SIGIO) received
2024/03/24 16:25:26 [notice] 1#1: signal 17 (SIGCHLD) received from 22
2024/03/24 16:25:26 [notice] 1#1: worker process 22 exited with code 0
2024/03/24 16:25:26 [notice] 1#1: signal 29 (SIGIO) received
2024/03/24 16:25:26 [notice] 1#1: signal 17 (SIGCHLD) received from 21
2024/03/24 16:25:26 [notice] 1#1: worker process 21 exited with code 0
2024/03/24 16:25:26 [notice] 1#1: signal 29 (SIGIO) received
2024/03/24 16:25:26 [notice] 1#1: signal 17 (SIGCHLD) received from 27
2024/03/24 16:25:26 [notice] 1#1: worker process 27 exited with code 0
2024/03/24 16:25:26 [notice] 1#1: exit
2024/03/27 17:57:19 [notice] 1#1: using the "epoll" event method
2024/03/27 17:57:19 [notice] 1#1: nginx/1.25.2
2024/03/27 17:57:19 [notice] 1#1: built by gcc 12.2.0 (Debian 12.2.0-14) 
2024/03/27 17:57:19 [notice] 1#1: OS: Linux 6.5.0-26-generic
2024/03/27 17:57:19 [notice] 1#1: getrlimit(RLIMIT_NOFILE): 1048576:1048576
2024/03/27 17:57:19 [notice] 1#1: start worker processes
2024/03/27 17:57:19 [notice] 1#1: start worker process 20
2024/03/27 17:57:19 [notice] 1#1: start worker process 21
2024/03/27 17:57:19 [notice] 1#1: start worker process 22
2024/03/27 17:57:19 [notice] 1#1: start worker process 23
2024/03/27 17:57:19 [notice] 1#1: start worker process 24
2024/03/27 17:57:19 [notice] 1#1: start worker process 25
2024/03/27 17:57:19 [notice] 1#1: start worker process 26
2024/03/27 17:57:19 [notice] 1#1: start worker process 27
2024/03/28 05:15:00 [notice] 1#1: signal 3 (SIGQUIT) received, shutting down
2024/03/28 05:15:00 [notice] 20#20: gracefully shutting down
2024/03/28 05:15:00 [notice] 21#21: gracefully shutting down
2024/03/28 05:15:00 [notice] 25#25: gracefully shutting down
2024/03/28 05:15:00 [notice] 20#20: exiting
2024/03/28 05:15:00 [notice] 25#25: exiting
2024/03/28 05:15:00 [notice] 21#21: exiting
2024/03/28 05:15:00 [notice] 22#22: gracefully shutting down
2024/03/28 05:15:00 [notice] 22#22: exiting
2024/03/28 05:15:00 [notice] 21#21: exit
2024/03/28 05:15:00 [notice] 25#25: exit
2024/03/28 05:15:00 [notice] 20#20: exit
2024/03/28 05:15:00 [notice] 22#22: exit
2024/03/28 05:15:00 [notice] 26#26: gracefully shutting down
2024/03/28 05:15:00 [notice] 23#23: gracefully shutting down
2024/03/28 05:15:00 [notice] 24#24: gracefully shutting down
2024/03/28 05:15:00 [notice] 26#26: exiting
2024/03/28 05:15:00 [notice] 23#23: exiting
2024/03/28 05:15:00 [notice] 24#24: exiting
2024/03/28 05:15:00 [notice] 27#27: gracefully shutting down
2024/03/28 05:15:00 [notice] 23#23: exit
2024/03/28 05:15:00 [notice] 27#27: exiting
2024/03/28 05:15:00 [notice] 26#26: exit
2024/03/28 05:15:00 [notice] 24#24: exit
2024/03/28 05:15:00 [notice] 27#27: exit
2024/03/28 05:15:00 [notice] 1#1: signal 17 (SIGCHLD) received from 21
2024/03/28 05:15:00 [notice] 1#1: worker process 21 exited with code 0
2024/03/28 05:15:00 [notice] 1#1: worker process 24 exited with code 0
2024/03/28 05:15:00 [notice] 1#1: signal 29 (SIGIO) received
2024/03/28 05:15:00 [notice] 1#1: signal 17 (SIGCHLD) received from 20
2024/03/28 05:15:00 [notice] 1#1: worker process 20 exited with code 0
2024/03/28 05:15:00 [notice] 1#1: worker process 26 exited with code 0
2024/03/28 05:15:00 [notice] 1#1: signal 29 (SIGIO) received
2024/03/28 05:15:00 [notice] 1#1: signal 17 (SIGCHLD) received from 23
2024/03/28 05:15:00 [notice] 1#1: worker process 23 exited with code 0
2024/03/28 05:15:00 [notice] 1#1: worker process 25 exited with code 0
2024/03/28 05:15:00 [notice] 1#1: signal 29 (SIGIO) received
2024/03/28 05:15:00 [notice] 1#1: signal 17 (SIGCHLD) received from 27
2024/03/28 05:15:00 [notice] 1#1: worker process 27 exited with code 0
2024/03/28 05:15:00 [notice] 1#1: signal 29 (SIGIO) received
2024/03/28 05:15:00 [notice] 1#1: signal 17 (SIGCHLD) received from 22
2024/03/28 05:15:00 [notice] 1#1: worker process 22 exited with code 0
2024/03/28 05:15:00 [notice] 1#1: exit
